  [4;36;1mSQL (0.1ms)[0m   [0;1mSET SQL_AUTO_IS_NULL=0[0m
  [4;35;1mSQL (0.3ms)[0m   [0mSHOW TABLES[0m
  [4;36;1mSQL (1238.1ms)[0m   [0;1mCREATE TABLE `schema_migrations` (`version` varchar(255) NOT NULL) ENGINE=InnoDB[0m
  [4;35;1mSQL (236.4ms)[0m   [0mCREATE UNIQUE INDEX `unique_schema_migrations` ON `schema_migrations` (`version`)[0m
  [4;36;1mSQL (0.4ms)[0m   [0;1mSHOW TABLES[0m
  [4;35;1mSQL (0.3ms)[0m   [0mSELECT version FROM schema_migrations[0m
Migrating to BootstrappingGeoplanetTables (20100914084033)
  [4;36;1mSQL (0.6ms)[0m   [0;1mSHOW TABLES[0m
  [4;35;1mSQL (536.4ms)[0m   [0mCREATE TABLE `geoplanet_adjacencies` (`id` int(11) DEFAULT NULL auto_increment PRIMARY KEY, `woeid` bigint, `iso_code` varchar(255), `neighbour_woeid` bigint, `neighbour_iso_code` varchar(255)) ENGINE=InnoDB[0m
  [4;36;1mSQL (1000.0ms)[0m   [0;1mCREATE INDEX `index_geoplanet_adjacencies_on_woeid` ON `geoplanet_adjacencies` (`woeid`)[0m
  [4;35;1mSQL (0.4ms)[0m   [0mSHOW TABLES[0m
  [4;36;1mSQL (412.2ms)[0m   [0;1mCREATE TABLE `geoplanet_aliases` (`id` int(11) DEFAULT NULL auto_increment PRIMARY KEY, `woeid` bigint, `name` varchar(255), `name_type` varchar(255), `language_code` varchar(255)) ENGINE=InnoDB[0m
  [4;35;1mSQL (216.3ms)[0m   [0mCREATE INDEX `index_geoplanet_aliases_on_woeid` ON `geoplanet_aliases` (`woeid`)[0m
  [4;36;1mSQL (0.6ms)[0m   [0;1mSHOW TABLES[0m
  [4;35;1mSQL (202.6ms)[0m   [0mCREATE TABLE `geoplanet_places` (`id` int(11) DEFAULT NULL auto_increment PRIMARY KEY, `woeid` bigint, `parent_woeid` bigint, `country_code` varchar(255), `name` varchar(255), `language` varchar(255), `place_type` varchar(255), `ancestry` varchar(255)) ENGINE=InnoDB[0m
  [4;36;1mSQL (185.2ms)[0m   [0;1mCREATE INDEX `index_geoplanet_places_on_ancestry` ON `geoplanet_places` (`ancestry`)[0m
  [4;35;1mSQL (179.3ms)[0m   [0mCREATE INDEX `index_geoplanet_places_on_parent_woeid` ON `geoplanet_places` (`parent_woeid`)[0m
  [4;36;1mSQL (191.5ms)[0m   [0;1mCREATE UNIQUE INDEX `index_geoplanet_places_on_woeid` ON `geoplanet_places` (`woeid`)[0m
  [4;35;1mSQL (2.4ms)[0m   [0mINSERT INTO schema_migrations (version) VALUES ('20100914084033')[0m
  [4;36;1mSQL (0.4ms)[0m   [0;1mSHOW TABLES[0m
  [4;35;1mSQL (0.1ms)[0m   [0mSELECT version FROM schema_migrations[0m
  [4;36;1mSQL (0.2ms)[0m   [0;1mSHOW TABLES[0m
  [4;35;1mSQL (1.5ms)[0m   [0mSHOW FIELDS FROM `geoplanet_adjacencies`[0m
  [4;36;1mSQL (2.2ms)[0m   [0;1mdescribe `geoplanet_adjacencies`[0m
  [4;35;1mSQL (1.3ms)[0m   [0mSHOW KEYS FROM `geoplanet_adjacencies`[0m
  [4;36;1mSQL (1.2ms)[0m   [0;1mSHOW FIELDS FROM `geoplanet_aliases`[0m
  [4;35;1mSQL (1.9ms)[0m   [0mdescribe `geoplanet_aliases`[0m
  [4;36;1mSQL (3.0ms)[0m   [0;1mSHOW KEYS FROM `geoplanet_aliases`[0m
  [4;35;1mSQL (1.4ms)[0m   [0mSHOW FIELDS FROM `geoplanet_places`[0m
  [4;36;1mSQL (2.2ms)[0m   [0;1mdescribe `geoplanet_places`[0m
  [4;35;1mSQL (0.6ms)[0m   [0mSHOW KEYS FROM `geoplanet_places`[0m
  [4;36;1mSQL (0.1ms)[0m   [0;1mSET SQL_AUTO_IS_NULL=0[0m
  [4;35;1mSQL (2.9ms)[0m   [0mTRUNCATE TABLE geoplanet_places[0m
  [4;36;1mSQL (0.1ms)[0m   [0;1mALTER TABLE geoplanet_places DISABLE KEYS[0m
  [4;35;1mSQL (737421.9ms)[0m   [0mLOAD DATA LOCAL INFILE '/Users/skorfmann/work/geoplanet/data/geoplanet_data_7.5.2/geoplanet_places_7.5.2.tsv' REPLACE INTO TABLE geoplanet_places
 FIELDS TERMINATED BY '\t' OPTIONALLY ENCLOSED BY '"'
 IGNORE 1 LINES
 (woeid, country_code, name, language, place_type, parent_woeid);[0m
  [4;36;1mSQL (0.2ms)[0m   [0;1mALTER TABLE geoplanet_places ENABLE KEYS[0m
  [4;35;1mSQL (77.4ms)[0m   [0mTRUNCATE TABLE geoplanet_aliases[0m
  [4;36;1mSQL (0.2ms)[0m   [0;1mALTER TABLE geoplanet_aliases DISABLE KEYS[0m
  [4;35;1mSQL (55272.5ms)[0m   [0mLOAD DATA LOCAL INFILE '/Users/skorfmann/work/geoplanet/data/geoplanet_data_7.5.2/geoplanet_aliases_7.5.2.tsv' REPLACE INTO TABLE geoplanet_aliases
 FIELDS TERMINATED BY '\t' OPTIONALLY ENCLOSED BY '"'
 IGNORE 1 LINES
 (woeid, name, name_type, language_code);[0m
  [4;36;1mSQL (0.4ms)[0m   [0;1mALTER TABLE geoplanet_aliases ENABLE KEYS[0m
  [4;35;1mSQL (44.3ms)[0m   [0mTRUNCATE TABLE geoplanet_adjacencies[0m
  [4;36;1mSQL (0.3ms)[0m   [0;1mALTER TABLE geoplanet_adjacencies DISABLE KEYS[0m
  [4;35;1mSQL (1878289.8ms)[0m   [0mLOAD DATA LOCAL INFILE '/Users/skorfmann/work/geoplanet/data/geoplanet_data_7.5.2/geoplanet_adjacencies_7.5.2.tsv' REPLACE INTO TABLE geoplanet_adjacencies
 FIELDS TERMINATED BY '\t' OPTIONALLY ENCLOSED BY '"'
 IGNORE 1 LINES
 (woeid, iso_code, neighbour_woeid, neighbour_iso_code);[0m
  [4;36;1mSQL (6.1ms)[0m   [0;1mALTER TABLE geoplanet_adjacencies ENABLE KEYS[0m
